[debug] [2021-08-18T14:13:44.753Z] ----------------------------------------------------------------------
[debug] [2021-08-18T14:13:44.755Z] Command:       C:\Program Files\nodejs\node.exe C:\Users\jyots\AppData\Roaming\npm\node_modules\firebase-tools\lib\bin\firebase.js emulators:start
[debug] [2021-08-18T14:13:44.755Z] CLI Version:   9.16.5
[debug] [2021-08-18T14:13:44.755Z] Platform:      win32
[debug] [2021-08-18T14:13:44.755Z] Node Version:  v15.11.0
[debug] [2021-08-18T14:13:44.756Z] Time:          Thu Aug 19 2021 00:13:44 GMT+1000 (Australian Eastern Standard Time)
[debug] [2021-08-18T14:13:44.756Z] ----------------------------------------------------------------------
[debug] 
[debug] [2021-08-18T14:13:44.813Z] > command requires scopes: ["email","openid","https://www.googleapis.com/auth/cloudplatformprojects.readonly","https://www.googleapis.com/auth/firebase","https://www.googleapis.com/auth/cloud-platform"]
[debug] [2021-08-18T14:13:44.813Z] > authorizing via signed-in user (jyotsnaarora82@gmail.com)
[info] i  emulators: Starting emulators: functions {"metadata":{"emulator":{"name":"hub"},"message":"Starting emulators: functions"}}
[debug] [2021-08-18T14:13:44.864Z] [hub] writing locator at C:\Users\jyots\AppData\Local\Temp\hub-clone-fe312.json
[warn] !  functions: The following emulators are not running, calls to these services from the Functions emulator will affect production: auth, firestore, database, hosting, pubsub, storage {"metadata":{"emulator":{"name":"functions"},"message":"The following emulators are not running, calls to these services from the Functions emulator will affect production: \u001b[1mauth, firestore, database, hosting, pubsub, storage\u001b[22m"}}
[warn] !  Your requested "node" version "14" doesn't match your global version "15" {"metadata":{"emulator":{"name":"functions"},"message":"Your requested \"node\" version \"14\" doesn't match your global version \"15\""}}
[debug] [2021-08-18T14:13:44.922Z] defaultcredentials: writing to file C:\Users\jyots\AppData\Roaming\firebase\jyotsnaarora82_gmail_com_application_default_credentials.json
[debug] [2021-08-18T14:13:44.924Z] Setting GAC to C:\Users\jyots\AppData\Roaming\firebase\jyotsnaarora82_gmail_com_application_default_credentials.json {"metadata":{"emulator":{"name":"functions"},"message":"Setting GAC to C:\\Users\\jyots\\AppData\\Roaming\\firebase\\jyotsnaarora82_gmail_com_application_default_credentials.json"}}
[debug] [2021-08-18T14:13:44.926Z] >>> [apiv2][query] GET https://firebase.googleapis.com/v1beta1/projects/clone-fe312/adminSdkConfig [none]
[debug] [2021-08-18T14:13:45.697Z] <<< [apiv2][status] GET https://firebase.googleapis.com/v1beta1/projects/clone-fe312/adminSdkConfig 200
[debug] [2021-08-18T14:13:45.697Z] <<< [apiv2][body] GET https://firebase.googleapis.com/v1beta1/projects/clone-fe312/adminSdkConfig {"projectId":"clone-fe312","storageBucket":"clone-fe312.appspot.com"}
[debug] [2021-08-18T14:13:45.713Z] Ignoring unsupported arg: auto_download {"metadata":{"emulator":{"name":"ui"},"message":"Ignoring unsupported arg: auto_download"}}
[debug] [2021-08-18T14:13:45.713Z] Ignoring unsupported arg: port {"metadata":{"emulator":{"name":"ui"},"message":"Ignoring unsupported arg: port"}}
[debug] [2021-08-18T14:13:45.713Z] Starting Emulator UI with command {"binary":"node","args":["C:\\Users\\jyots\\.cache\\firebase\\emulators\\ui-v1.6.2\\server.bundle.js"],"optionalArgs":[],"joinArgs":false} {"metadata":{"emulator":{"name":"ui"},"message":"Starting Emulator UI with command {\"binary\":\"node\",\"args\":[\"C:\\\\Users\\\\jyots\\\\.cache\\\\firebase\\\\emulators\\\\ui-v1.6.2\\\\server.bundle.js\"],\"optionalArgs\":[],\"joinArgs\":false}"}}
[info] i  ui: Emulator UI logging to ui-debug.log {"metadata":{"emulator":{"name":"ui"},"message":"Emulator UI logging to \u001b[1mui-debug.log\u001b[22m"}}
[debug] [2021-08-18T14:13:45.814Z] Web / API server started at localhost:4000
 {"metadata":{"emulator":{"name":"ui"},"message":"Web / API server started at localhost:4000\n"}}
[info] i  functions: Watching "C:\Users\jyots\OneDrive\Desktop\Capstone\amazon-clone\functions" for Cloud Functions... {"metadata":{"emulator":{"name":"functions"},"message":"Watching \"C:\\Users\\jyots\\OneDrive\\Desktop\\Capstone\\amazon-clone\\functions\" for Cloud Functions..."}}
[debug] [2021-08-18T14:13:45.994Z] [worker-pool] addWorker(~diagnostic~) {"metadata":{"emulator":{"name":"functions"},"message":"[worker-pool] addWorker(~diagnostic~)"}}
[debug] [2021-08-18T14:13:45.994Z] [worker-pool] Adding worker with key ~diagnostic~, total=1 {"metadata":{"emulator":{"name":"functions"},"message":"[worker-pool] Adding worker with key ~diagnostic~, total=1"}}
[debug] [2021-08-18T14:13:45.994Z] [worker-pool] submitWork(triggerId=) {"metadata":{"emulator":{"name":"functions"},"message":"[worker-pool] submitWork(triggerId=)"}}
[debug] [2021-08-18T14:13:45.994Z] [worker-~diagnostic~-86375284-5746-46f6-83c9-9b2e6bc50c25]: Assigning socketPath: \\?\pipe\C:\Users\jyots\OneDrive\Desktop\Capstone\amazon-clone\functions\24692 {"metadata":{"emulator":{"name":"functions"},"message":"[worker-~diagnostic~-86375284-5746-46f6-83c9-9b2e6bc50c25]: Assigning socketPath: \\\\?\\pipe\\C:\\Users\\jyots\\OneDrive\\Desktop\\Capstone\\amazon-clone\\functions\\24692"}}
[debug] [2021-08-18T14:13:45.995Z] [worker-~diagnostic~-86375284-5746-46f6-83c9-9b2e6bc50c25]: BUSY {"metadata":{"emulator":{"name":"functions"},"message":"[worker-~diagnostic~-86375284-5746-46f6-83c9-9b2e6bc50c25]: BUSY"}}
[debug] [2021-08-18T14:13:46.391Z] [runtime-status] [24692] Functions runtime initialized. {"cwd":"C:\\Users\\jyots\\OneDrive\\Desktop\\Capstone\\amazon-clone\\functions","node_version":"15.11.0"} {"metadata":{"emulator":{"name":"functions"},"message":"[runtime-status] [24692] Functions runtime initialized. {\"cwd\":\"C:\\\\Users\\\\jyots\\\\OneDrive\\\\Desktop\\\\Capstone\\\\amazon-clone\\\\functions\",\"node_version\":\"15.11.0\"}"}}
[debug] [2021-08-18T14:13:46.391Z] [runtime-status] [24692] Disabled runtime features: undefined {"metadata":{"emulator":{"name":"functions"},"message":"[runtime-status] [24692] Disabled runtime features: undefined"}}
[debug] [2021-08-18T14:13:46.393Z] [runtime-status] [24692] Resolved module firebase-admin {"declared":true,"installed":true,"version":"9.11.0","resolution":"C:\\Users\\jyots\\OneDrive\\Desktop\\Capstone\\amazon-clone\\functions\\node_modules\\firebase-admin\\lib\\index.js"} {"metadata":{"emulator":{"name":"functions"},"message":"[runtime-status] [24692] Resolved module firebase-admin {\"declared\":true,\"installed\":true,\"version\":\"9.11.0\",\"resolution\":\"C:\\\\Users\\\\jyots\\\\OneDrive\\\\Desktop\\\\Capstone\\\\amazon-clone\\\\functions\\\\node_modules\\\\firebase-admin\\\\lib\\\\index.js\"}"}}
[debug] [2021-08-18T14:13:46.397Z] [runtime-status] [24692] Resolved module firebase-functions {"declared":true,"installed":true,"version":"3.15.4","resolution":"C:\\Users\\jyots\\OneDrive\\Desktop\\Capstone\\amazon-clone\\functions\\node_modules\\firebase-functions\\lib\\index.js"} {"metadata":{"emulator":{"name":"functions"},"message":"[runtime-status] [24692] Resolved module firebase-functions {\"declared\":true,\"installed\":true,\"version\":\"3.15.4\",\"resolution\":\"C:\\\\Users\\\\jyots\\\\OneDrive\\\\Desktop\\\\Capstone\\\\amazon-clone\\\\functions\\\\node_modules\\\\firebase-functions\\\\lib\\\\index.js\"}"}}
[debug] [2021-08-18T14:13:46.400Z] [runtime-status] [24692] Resolved module firebase-functions {"declared":true,"installed":true,"version":"3.15.4","resolution":"C:\\Users\\jyots\\OneDrive\\Desktop\\Capstone\\amazon-clone\\functions\\node_modules\\firebase-functions\\lib\\index.js"} {"metadata":{"emulator":{"name":"functions"},"message":"[runtime-status] [24692] Resolved module firebase-functions {\"declared\":true,\"installed\":true,\"version\":\"3.15.4\",\"resolution\":\"C:\\\\Users\\\\jyots\\\\OneDrive\\\\Desktop\\\\Capstone\\\\amazon-clone\\\\functions\\\\node_modules\\\\firebase-functions\\\\lib\\\\index.js\"}"}}
[debug] [2021-08-18T14:13:46.401Z] [runtime-status] [24692] Outgoing network have been stubbed. [{"name":"http","status":"mocked"},{"name":"http","status":"mocked"},{"name":"https","status":"mocked"},{"name":"https","status":"mocked"},{"name":"net","status":"mocked"}] {"metadata":{"emulator":{"name":"functions"},"message":"[runtime-status] [24692] Outgoing network have been stubbed. [{\"name\":\"http\",\"status\":\"mocked\"},{\"name\":\"http\",\"status\":\"mocked\"},{\"name\":\"https\",\"status\":\"mocked\"},{\"name\":\"https\",\"status\":\"mocked\"},{\"name\":\"net\",\"status\":\"mocked\"}]"}}
[debug] [2021-08-18T14:13:46.402Z] [runtime-status] [24692] Resolved module firebase-functions {"declared":true,"installed":true,"version":"3.15.4","resolution":"C:\\Users\\jyots\\OneDrive\\Desktop\\Capstone\\amazon-clone\\functions\\node_modules\\firebase-functions\\lib\\index.js"} {"metadata":{"emulator":{"name":"functions"},"message":"[runtime-status] [24692] Resolved module firebase-functions {\"declared\":true,\"installed\":true,\"version\":\"3.15.4\",\"resolution\":\"C:\\\\Users\\\\jyots\\\\OneDrive\\\\Desktop\\\\Capstone\\\\amazon-clone\\\\functions\\\\node_modules\\\\firebase-functions\\\\lib\\\\index.js\"}"}}
[debug] [2021-08-18T14:13:46.450Z] [runtime-status] [24692] Checked functions.config() {"config":{}} {"metadata":{"emulator":{"name":"functions"},"message":"[runtime-status] [24692] Checked functions.config() {\"config\":{}}"}}
[debug] [2021-08-18T14:13:46.451Z] [runtime-status] [24692] firebase-functions has been stubbed. {"functionsResolution":{"declared":true,"installed":true,"version":"3.15.4","resolution":"C:\\Users\\jyots\\OneDrive\\Desktop\\Capstone\\amazon-clone\\functions\\node_modules\\firebase-functions\\lib\\index.js"}} {"metadata":{"emulator":{"name":"functions"},"message":"[runtime-status] [24692] firebase-functions has been stubbed. {\"functionsResolution\":{\"declared\":true,\"installed\":true,\"version\":\"3.15.4\",\"resolution\":\"C:\\\\Users\\\\jyots\\\\OneDrive\\\\Desktop\\\\Capstone\\\\amazon-clone\\\\functions\\\\node_modules\\\\firebase-functions\\\\lib\\\\index.js\"}}"}}
[debug] [2021-08-18T14:13:46.451Z] [runtime-status] [24692] Resolved module firebase-functions {"declared":true,"installed":true,"version":"3.15.4","resolution":"C:\\Users\\jyots\\OneDrive\\Desktop\\Capstone\\amazon-clone\\functions\\node_modules\\firebase-functions\\lib\\index.js"} {"metadata":{"emulator":{"name":"functions"},"message":"[runtime-status] [24692] Resolved module firebase-functions {\"declared\":true,\"installed\":true,\"version\":\"3.15.4\",\"resolution\":\"C:\\\\Users\\\\jyots\\\\OneDrive\\\\Desktop\\\\Capstone\\\\amazon-clone\\\\functions\\\\node_modules\\\\firebase-functions\\\\lib\\\\index.js\"}"}}
[debug] [2021-08-18T14:13:46.452Z] [runtime-status] [24692] Resolved module firebase-admin {"declared":true,"installed":true,"version":"9.11.0","resolution":"C:\\Users\\jyots\\OneDrive\\Desktop\\Capstone\\amazon-clone\\functions\\node_modules\\firebase-admin\\lib\\index.js"} {"metadata":{"emulator":{"name":"functions"},"message":"[runtime-status] [24692] Resolved module firebase-admin {\"declared\":true,\"installed\":true,\"version\":\"9.11.0\",\"resolution\":\"C:\\\\Users\\\\jyots\\\\OneDrive\\\\Desktop\\\\Capstone\\\\amazon-clone\\\\functions\\\\node_modules\\\\firebase-admin\\\\lib\\\\index.js\"}"}}
[debug] [2021-08-18T14:13:46.453Z] [runtime-status] [24692] Resolved module firebase-functions {"declared":true,"installed":true,"version":"3.15.4","resolution":"C:\\Users\\jyots\\OneDrive\\Desktop\\Capstone\\amazon-clone\\functions\\node_modules\\firebase-functions\\lib\\index.js"} {"metadata":{"emulator":{"name":"functions"},"message":"[runtime-status] [24692] Resolved module firebase-functions {\"declared\":true,\"installed\":true,\"version\":\"3.15.4\",\"resolution\":\"C:\\\\Users\\\\jyots\\\\OneDrive\\\\Desktop\\\\Capstone\\\\amazon-clone\\\\functions\\\\node_modules\\\\firebase-functions\\\\lib\\\\index.js\"}"}}
[debug] [2021-08-18T14:13:46.453Z] [runtime-status] [24692] firebase-admin has been stubbed. {"adminResolution":{"declared":true,"installed":true,"version":"9.11.0","resolution":"C:\\Users\\jyots\\OneDrive\\Desktop\\Capstone\\amazon-clone\\functions\\node_modules\\firebase-admin\\lib\\index.js"}} {"metadata":{"emulator":{"name":"functions"},"message":"[runtime-status] [24692] firebase-admin has been stubbed. {\"adminResolution\":{\"declared\":true,\"installed\":true,\"version\":\"9.11.0\",\"resolution\":\"C:\\\\Users\\\\jyots\\\\OneDrive\\\\Desktop\\\\Capstone\\\\amazon-clone\\\\functions\\\\node_modules\\\\firebase-admin\\\\lib\\\\index.js\"}}"}}
[info] +  functions[us-central1-api]: http function initialized (http://localhost:5001/clone-fe312/us-central1/api). {"metadata":{"emulator":{"name":"functions"},"message":"\u001b[1mhttp\u001b[22m function initialized (http://localhost:5001/clone-fe312/us-central1/api)."}}
[info] 
┌─────────────────────────────────────────────────────────────┐
│ ✔  All emulators ready! It is now safe to connect your app. │
│ i  View Emulator UI at http://localhost:4000                │
└─────────────────────────────────────────────────────────────┘

┌───────────┬────────────────┬─────────────────────────────────┐
│ Emulator  │ Host:Port      │ View in Emulator UI             │
├───────────┼────────────────┼─────────────────────────────────┤
│ Functions │ localhost:5001 │ http://localhost:4000/functions │
└───────────┴────────────────┴─────────────────────────────────┘
  Emulator Hub running at localhost:4400
  Other reserved ports: 4500

Issues? Report them at https://github.com/firebase/firebase-tools/issues and attach the *-debug.log files.
 
[debug] [2021-08-18T14:13:46.616Z] [worker-~diagnostic~-86375284-5746-46f6-83c9-9b2e6bc50c25]: IDLE {"metadata":{"emulator":{"name":"functions"},"message":"[worker-~diagnostic~-86375284-5746-46f6-83c9-9b2e6bc50c25]: IDLE"}}
[debug] [2021-08-18T14:16:57.887Z] [work-queue] {"queueLength":1,"workRunningCount":0}
[debug] [2021-08-18T14:16:57.888Z] [work-queue] {"queueLength":0,"workRunningCount":1}
[debug] [2021-08-18T14:16:57.888Z] Accepted request GET /clone-fe312/us-central1/api --> us-central1-api
[debug] [2021-08-18T14:16:57.896Z] [worker-pool] addWorker(us-central1-api) {"metadata":{"emulator":{"name":"functions"},"message":"[worker-pool] addWorker(us-central1-api)"}}
[debug] [2021-08-18T14:16:57.896Z] [worker-pool] Adding worker with key us-central1-api, total=1 {"metadata":{"emulator":{"name":"functions"},"message":"[worker-pool] Adding worker with key us-central1-api, total=1"}}
[debug] [2021-08-18T14:16:57.896Z] [worker-pool] submitWork(triggerId=us-central1-api) {"metadata":{"emulator":{"name":"functions"},"message":"[worker-pool] submitWork(triggerId=us-central1-api)"}}
[debug] [2021-08-18T14:16:57.896Z] [worker-us-central1-api-2ed5c243-6381-431b-b6c9-01a33a93d5dd]: Assigning socketPath: \\?\pipe\C:\Users\jyots\OneDrive\Desktop\Capstone\amazon-clone\functions\25636 {"metadata":{"emulator":{"name":"functions"},"message":"[worker-us-central1-api-2ed5c243-6381-431b-b6c9-01a33a93d5dd]: Assigning socketPath: \\\\?\\pipe\\C:\\Users\\jyots\\OneDrive\\Desktop\\Capstone\\amazon-clone\\functions\\25636"}}
[debug] [2021-08-18T14:16:57.897Z] [worker-us-central1-api-2ed5c243-6381-431b-b6c9-01a33a93d5dd]: BUSY {"metadata":{"emulator":{"name":"functions"},"message":"[worker-us-central1-api-2ed5c243-6381-431b-b6c9-01a33a93d5dd]: BUSY"}}
[debug] [2021-08-18T14:16:58.313Z] [runtime-status] [25636] Functions runtime initialized. {"cwd":"C:\\Users\\jyots\\OneDrive\\Desktop\\Capstone\\amazon-clone\\functions","node_version":"15.11.0"} {"metadata":{"emulator":{"name":"functions"},"function":{"name":"us-central1-api"},"message":"[runtime-status] [25636] Functions runtime initialized. {\"cwd\":\"C:\\\\Users\\\\jyots\\\\OneDrive\\\\Desktop\\\\Capstone\\\\amazon-clone\\\\functions\",\"node_version\":\"15.11.0\"}"}}
[debug] [2021-08-18T14:16:58.314Z] [runtime-status] [25636] Disabled runtime features: undefined {"metadata":{"emulator":{"name":"functions"},"function":{"name":"us-central1-api"},"message":"[runtime-status] [25636] Disabled runtime features: undefined"}}
[debug] [2021-08-18T14:16:58.317Z] [runtime-status] [25636] Resolved module firebase-admin {"declared":true,"installed":true,"version":"9.11.0","resolution":"C:\\Users\\jyots\\OneDrive\\Desktop\\Capstone\\amazon-clone\\functions\\node_modules\\firebase-admin\\lib\\index.js"} {"metadata":{"emulator":{"name":"functions"},"function":{"name":"us-central1-api"},"message":"[runtime-status] [25636] Resolved module firebase-admin {\"declared\":true,\"installed\":true,\"version\":\"9.11.0\",\"resolution\":\"C:\\\\Users\\\\jyots\\\\OneDrive\\\\Desktop\\\\Capstone\\\\amazon-clone\\\\functions\\\\node_modules\\\\firebase-admin\\\\lib\\\\index.js\"}"}}
[debug] [2021-08-18T14:16:58.322Z] [runtime-status] [25636] Resolved module firebase-functions {"declared":true,"installed":true,"version":"3.15.4","resolution":"C:\\Users\\jyots\\OneDrive\\Desktop\\Capstone\\amazon-clone\\functions\\node_modules\\firebase-functions\\lib\\index.js"} {"metadata":{"emulator":{"name":"functions"},"function":{"name":"us-central1-api"},"message":"[runtime-status] [25636] Resolved module firebase-functions {\"declared\":true,\"installed\":true,\"version\":\"3.15.4\",\"resolution\":\"C:\\\\Users\\\\jyots\\\\OneDrive\\\\Desktop\\\\Capstone\\\\amazon-clone\\\\functions\\\\node_modules\\\\firebase-functions\\\\lib\\\\index.js\"}"}}
[debug] [2021-08-18T14:16:58.325Z] [runtime-status] [25636] Resolved module firebase-functions {"declared":true,"installed":true,"version":"3.15.4","resolution":"C:\\Users\\jyots\\OneDrive\\Desktop\\Capstone\\amazon-clone\\functions\\node_modules\\firebase-functions\\lib\\index.js"} {"metadata":{"emulator":{"name":"functions"},"function":{"name":"us-central1-api"},"message":"[runtime-status] [25636] Resolved module firebase-functions {\"declared\":true,\"installed\":true,\"version\":\"3.15.4\",\"resolution\":\"C:\\\\Users\\\\jyots\\\\OneDrive\\\\Desktop\\\\Capstone\\\\amazon-clone\\\\functions\\\\node_modules\\\\firebase-functions\\\\lib\\\\index.js\"}"}}
[debug] [2021-08-18T14:16:58.327Z] [runtime-status] [25636] Outgoing network have been stubbed. [{"name":"http","status":"mocked"},{"name":"http","status":"mocked"},{"name":"https","status":"mocked"},{"name":"https","status":"mocked"},{"name":"net","status":"mocked"}] {"metadata":{"emulator":{"name":"functions"},"function":{"name":"us-central1-api"},"message":"[runtime-status] [25636] Outgoing network have been stubbed. [{\"name\":\"http\",\"status\":\"mocked\"},{\"name\":\"http\",\"status\":\"mocked\"},{\"name\":\"https\",\"status\":\"mocked\"},{\"name\":\"https\",\"status\":\"mocked\"},{\"name\":\"net\",\"status\":\"mocked\"}]"}}
[debug] [2021-08-18T14:16:58.328Z] [runtime-status] [25636] Resolved module firebase-functions {"declared":true,"installed":true,"version":"3.15.4","resolution":"C:\\Users\\jyots\\OneDrive\\Desktop\\Capstone\\amazon-clone\\functions\\node_modules\\firebase-functions\\lib\\index.js"} {"metadata":{"emulator":{"name":"functions"},"function":{"name":"us-central1-api"},"message":"[runtime-status] [25636] Resolved module firebase-functions {\"declared\":true,\"installed\":true,\"version\":\"3.15.4\",\"resolution\":\"C:\\\\Users\\\\jyots\\\\OneDrive\\\\Desktop\\\\Capstone\\\\amazon-clone\\\\functions\\\\node_modules\\\\firebase-functions\\\\lib\\\\index.js\"}"}}
[debug] [2021-08-18T14:16:58.384Z] [runtime-status] [25636] Checked functions.config() {"config":{}} {"metadata":{"emulator":{"name":"functions"},"function":{"name":"us-central1-api"},"message":"[runtime-status] [25636] Checked functions.config() {\"config\":{}}"}}
[debug] [2021-08-18T14:16:58.385Z] [runtime-status] [25636] firebase-functions has been stubbed. {"functionsResolution":{"declared":true,"installed":true,"version":"3.15.4","resolution":"C:\\Users\\jyots\\OneDrive\\Desktop\\Capstone\\amazon-clone\\functions\\node_modules\\firebase-functions\\lib\\index.js"}} {"metadata":{"emulator":{"name":"functions"},"function":{"name":"us-central1-api"},"message":"[runtime-status] [25636] firebase-functions has been stubbed. {\"functionsResolution\":{\"declared\":true,\"installed\":true,\"version\":\"3.15.4\",\"resolution\":\"C:\\\\Users\\\\jyots\\\\OneDrive\\\\Desktop\\\\Capstone\\\\amazon-clone\\\\functions\\\\node_modules\\\\firebase-functions\\\\lib\\\\index.js\"}}"}}
[debug] [2021-08-18T14:16:58.386Z] [runtime-status] [25636] Resolved module firebase-functions {"declared":true,"installed":true,"version":"3.15.4","resolution":"C:\\Users\\jyots\\OneDrive\\Desktop\\Capstone\\amazon-clone\\functions\\node_modules\\firebase-functions\\lib\\index.js"} {"metadata":{"emulator":{"name":"functions"},"function":{"name":"us-central1-api"},"message":"[runtime-status] [25636] Resolved module firebase-functions {\"declared\":true,\"installed\":true,\"version\":\"3.15.4\",\"resolution\":\"C:\\\\Users\\\\jyots\\\\OneDrive\\\\Desktop\\\\Capstone\\\\amazon-clone\\\\functions\\\\node_modules\\\\firebase-functions\\\\lib\\\\index.js\"}"}}
[debug] [2021-08-18T14:16:58.387Z] [runtime-status] [25636] Resolved module firebase-admin {"declared":true,"installed":true,"version":"9.11.0","resolution":"C:\\Users\\jyots\\OneDrive\\Desktop\\Capstone\\amazon-clone\\functions\\node_modules\\firebase-admin\\lib\\index.js"} {"metadata":{"emulator":{"name":"functions"},"function":{"name":"us-central1-api"},"message":"[runtime-status] [25636] Resolved module firebase-admin {\"declared\":true,\"installed\":true,\"version\":\"9.11.0\",\"resolution\":\"C:\\\\Users\\\\jyots\\\\OneDrive\\\\Desktop\\\\Capstone\\\\amazon-clone\\\\functions\\\\node_modules\\\\firebase-admin\\\\lib\\\\index.js\"}"}}
[debug] [2021-08-18T14:16:58.388Z] [runtime-status] [25636] Resolved module firebase-functions {"declared":true,"installed":true,"version":"3.15.4","resolution":"C:\\Users\\jyots\\OneDrive\\Desktop\\Capstone\\amazon-clone\\functions\\node_modules\\firebase-functions\\lib\\index.js"} {"metadata":{"emulator":{"name":"functions"},"function":{"name":"us-central1-api"},"message":"[runtime-status] [25636] Resolved module firebase-functions {\"declared\":true,\"installed\":true,\"version\":\"3.15.4\",\"resolution\":\"C:\\\\Users\\\\jyots\\\\OneDrive\\\\Desktop\\\\Capstone\\\\amazon-clone\\\\functions\\\\node_modules\\\\firebase-functions\\\\lib\\\\index.js\"}"}}
[debug] [2021-08-18T14:16:58.388Z] [runtime-status] [25636] firebase-admin has been stubbed. {"adminResolution":{"declared":true,"installed":true,"version":"9.11.0","resolution":"C:\\Users\\jyots\\OneDrive\\Desktop\\Capstone\\amazon-clone\\functions\\node_modules\\firebase-admin\\lib\\index.js"}} {"metadata":{"emulator":{"name":"functions"},"function":{"name":"us-central1-api"},"message":"[runtime-status] [25636] firebase-admin has been stubbed. {\"adminResolution\":{\"declared\":true,\"installed\":true,\"version\":\"9.11.0\",\"resolution\":\"C:\\\\Users\\\\jyots\\\\OneDrive\\\\Desktop\\\\Capstone\\\\amazon-clone\\\\functions\\\\node_modules\\\\firebase-admin\\\\lib\\\\index.js\"}}"}}
[debug] [2021-08-18T14:16:58.571Z] [runtime-status] [25636] Trigger "us-central1-api" has been found, beginning invocation! {"metadata":{"emulator":{"name":"functions"},"function":{"name":"us-central1-api"},"message":"[runtime-status] [25636] Trigger \"us-central1-api\" has been found, beginning invocation!"}}
[info] i  functions: Beginning execution of "us-central1-api" {"metadata":{"emulator":{"name":"functions"},"function":{"name":"us-central1-api"},"message":"Beginning execution of \"us-central1-api\""}}
[debug] [2021-08-18T14:16:58.572Z] [runtime-status] [25636] triggerDefinition {"httpsTrigger":{},"name":"api","entryPoint":"api","regions":["us-central1"],"region":"us-central1","id":"us-central1-api"} {"metadata":{"emulator":{"name":"functions"},"function":{"name":"us-central1-api"},"message":"[runtime-status] [25636] triggerDefinition {\"httpsTrigger\":{},\"name\":\"api\",\"entryPoint\":\"api\",\"regions\":[\"us-central1\"],\"region\":\"us-central1\",\"id\":\"us-central1-api\"}"}}
[debug] [2021-08-18T14:16:58.573Z] [runtime-status] [25636] Running us-central1-api in mode HTTPS {"metadata":{"emulator":{"name":"functions"},"function":{"name":"us-central1-api"},"message":"[runtime-status] [25636] Running us-central1-api in mode HTTPS"}}
[debug] [2021-08-18T14:16:58.576Z] [runtime-status] [25636] Attempting to listen to socketPath: \\?\pipe\C:\Users\jyots\OneDrive\Desktop\Capstone\amazon-clone\functions\25636 {"metadata":{"emulator":{"name":"functions"},"function":{"name":"us-central1-api"},"message":"[runtime-status] [25636] Attempting to listen to socketPath: \\\\?\\pipe\\C:\\Users\\jyots\\OneDrive\\Desktop\\Capstone\\amazon-clone\\functions\\25636"}}
[debug] [2021-08-18T14:16:58.579Z] [functions] Runtime ready! Sending request! {"metadata":{"emulator":{"name":"functions"},"message":"[functions] Runtime ready! Sending request!"}}
[debug] [2021-08-18T14:16:58.580Z] [functions] Got req.url=/clone-fe312/us-central1/api, mapping to path=/ {"metadata":{"emulator":{"name":"functions"},"message":"[functions] Got req.url=/clone-fe312/us-central1/api, mapping to path=/"}}
[debug] [2021-08-18T14:16:58.587Z] [runtime-status] [25636] Ephemeral server handling GET request {"metadata":{"emulator":{"name":"functions"},"function":{"name":"us-central1-api"},"message":"[runtime-status] [25636] Ephemeral server handling GET request"}}
[debug] [2021-08-18T14:16:58.594Z] [runtime-status] [25636] Ephemeral server survived. {"metadata":{"emulator":{"name":"functions"},"function":{"name":"us-central1-api"},"message":"[runtime-status] [25636] Ephemeral server survived."}}
[info] i  functions: Finished "us-central1-api" in ~1s {"metadata":{"emulator":{"name":"functions"},"function":{"name":"us-central1-api"},"message":"Finished \"us-central1-api\" in ~1s"}}
[debug] [2021-08-18T14:16:58.597Z] [worker-us-central1-api-2ed5c243-6381-431b-b6c9-01a33a93d5dd]: IDLE {"metadata":{"emulator":{"name":"functions"},"message":"[worker-us-central1-api-2ed5c243-6381-431b-b6c9-01a33a93d5dd]: IDLE"}}
[debug] [2021-08-18T14:16:58.597Z] [work-queue] {"queueLength":0,"workRunningCount":0}
[debug] [2021-08-18T14:16:58.762Z] Functions emulator received unknown request at path /favicon.ico
[debug] [2021-08-18T14:25:12.048Z] File C:\Users\jyots\OneDrive\Desktop\Capstone\amazon-clone\functions\index.js changed, reloading triggers {"metadata":{"emulator":{"name":"functions"},"message":"File C:\\Users\\jyots\\OneDrive\\Desktop\\Capstone\\amazon-clone\\functions\\index.js changed, reloading triggers"}}
[debug] [2021-08-18T14:25:13.052Z] [worker-pool] Shutting down IDLE worker (~diagnostic~) {"metadata":{"emulator":{"name":"functions"},"message":"[worker-pool] Shutting down IDLE worker (~diagnostic~)"}}
[debug] [2021-08-18T14:25:13.053Z] [worker-~diagnostic~-86375284-5746-46f6-83c9-9b2e6bc50c25]: FINISHING {"metadata":{"emulator":{"name":"functions"},"message":"[worker-~diagnostic~-86375284-5746-46f6-83c9-9b2e6bc50c25]: FINISHING"}}
[debug] [2021-08-18T14:25:13.055Z] [worker-pool] Shutting down IDLE worker (us-central1-api) {"metadata":{"emulator":{"name":"functions"},"message":"[worker-pool] Shutting down IDLE worker (us-central1-api)"}}
[debug] [2021-08-18T14:25:13.055Z] [worker-us-central1-api-2ed5c243-6381-431b-b6c9-01a33a93d5dd]: FINISHING {"metadata":{"emulator":{"name":"functions"},"message":"[worker-us-central1-api-2ed5c243-6381-431b-b6c9-01a33a93d5dd]: FINISHING"}}
[debug] [2021-08-18T14:25:13.062Z] [worker-pool] addWorker(~diagnostic~) {"metadata":{"emulator":{"name":"functions"},"message":"[worker-pool] addWorker(~diagnostic~)"}}
[debug] [2021-08-18T14:25:13.062Z] [worker-pool] Adding worker with key ~diagnostic~, total=2 {"metadata":{"emulator":{"name":"functions"},"message":"[worker-pool] Adding worker with key ~diagnostic~, total=2"}}
[debug] [2021-08-18T14:25:13.063Z] [worker-pool] submitWork(triggerId=) {"metadata":{"emulator":{"name":"functions"},"message":"[worker-pool] submitWork(triggerId=)"}}
[debug] [2021-08-18T14:25:13.063Z] [worker-~diagnostic~-b9789872-8a59-435e-814f-5a81706addba]: Assigning socketPath: \\?\pipe\C:\Users\jyots\OneDrive\Desktop\Capstone\amazon-clone\functions\23744 {"metadata":{"emulator":{"name":"functions"},"message":"[worker-~diagnostic~-b9789872-8a59-435e-814f-5a81706addba]: Assigning socketPath: \\\\?\\pipe\\C:\\Users\\jyots\\OneDrive\\Desktop\\Capstone\\amazon-clone\\functions\\23744"}}
[debug] [2021-08-18T14:25:13.063Z] [worker-~diagnostic~-b9789872-8a59-435e-814f-5a81706addba]: BUSY {"metadata":{"emulator":{"name":"functions"},"message":"[worker-~diagnostic~-b9789872-8a59-435e-814f-5a81706addba]: BUSY"}}
[debug] [2021-08-18T14:25:13.064Z] [worker-~diagnostic~-86375284-5746-46f6-83c9-9b2e6bc50c25]: exited {"metadata":{"emulator":{"name":"functions"},"message":"[worker-~diagnostic~-86375284-5746-46f6-83c9-9b2e6bc50c25]: exited"}}
[debug] [2021-08-18T14:25:13.064Z] [worker-~diagnostic~-86375284-5746-46f6-83c9-9b2e6bc50c25]: FINISHED {"metadata":{"emulator":{"name":"functions"},"message":"[worker-~diagnostic~-86375284-5746-46f6-83c9-9b2e6bc50c25]: FINISHED"}}
[debug] [2021-08-18T14:25:13.065Z] [worker-us-central1-api-2ed5c243-6381-431b-b6c9-01a33a93d5dd]: exited {"metadata":{"emulator":{"name":"functions"},"message":"[worker-us-central1-api-2ed5c243-6381-431b-b6c9-01a33a93d5dd]: exited"}}
[debug] [2021-08-18T14:25:13.065Z] [worker-us-central1-api-2ed5c243-6381-431b-b6c9-01a33a93d5dd]: FINISHED {"metadata":{"emulator":{"name":"functions"},"message":"[worker-us-central1-api-2ed5c243-6381-431b-b6c9-01a33a93d5dd]: FINISHED"}}
[debug] [2021-08-18T14:25:13.554Z] [runtime-status] [23744] Functions runtime initialized. {"cwd":"C:\\Users\\jyots\\OneDrive\\Desktop\\Capstone\\amazon-clone\\functions","node_version":"15.11.0"} {"metadata":{"emulator":{"name":"functions"},"message":"[runtime-status] [23744] Functions runtime initialized. {\"cwd\":\"C:\\\\Users\\\\jyots\\\\OneDrive\\\\Desktop\\\\Capstone\\\\amazon-clone\\\\functions\",\"node_version\":\"15.11.0\"}"}}
[debug] [2021-08-18T14:25:13.557Z] [runtime-status] [23744] Disabled runtime features: undefined {"metadata":{"emulator":{"name":"functions"},"message":"[runtime-status] [23744] Disabled runtime features: undefined"}}
[debug] [2021-08-18T14:25:13.560Z] [runtime-status] [23744] Resolved module firebase-admin {"declared":true,"installed":true,"version":"9.11.0","resolution":"C:\\Users\\jyots\\OneDrive\\Desktop\\Capstone\\amazon-clone\\functions\\node_modules\\firebase-admin\\lib\\index.js"} {"metadata":{"emulator":{"name":"functions"},"message":"[runtime-status] [23744] Resolved module firebase-admin {\"declared\":true,\"installed\":true,\"version\":\"9.11.0\",\"resolution\":\"C:\\\\Users\\\\jyots\\\\OneDrive\\\\Desktop\\\\Capstone\\\\amazon-clone\\\\functions\\\\node_modules\\\\firebase-admin\\\\lib\\\\index.js\"}"}}
[debug] [2021-08-18T14:25:13.563Z] [runtime-status] [23744] Resolved module firebase-functions {"declared":true,"installed":true,"version":"3.15.4","resolution":"C:\\Users\\jyots\\OneDrive\\Desktop\\Capstone\\amazon-clone\\functions\\node_modules\\firebase-functions\\lib\\index.js"} {"metadata":{"emulator":{"name":"functions"},"message":"[runtime-status] [23744] Resolved module firebase-functions {\"declared\":true,\"installed\":true,\"version\":\"3.15.4\",\"resolution\":\"C:\\\\Users\\\\jyots\\\\OneDrive\\\\Desktop\\\\Capstone\\\\amazon-clone\\\\functions\\\\node_modules\\\\firebase-functions\\\\lib\\\\index.js\"}"}}
[debug] [2021-08-18T14:25:13.567Z] [runtime-status] [23744] Resolved module firebase-functions {"declared":true,"installed":true,"version":"3.15.4","resolution":"C:\\Users\\jyots\\OneDrive\\Desktop\\Capstone\\amazon-clone\\functions\\node_modules\\firebase-functions\\lib\\index.js"} {"metadata":{"emulator":{"name":"functions"},"message":"[runtime-status] [23744] Resolved module firebase-functions {\"declared\":true,\"installed\":true,\"version\":\"3.15.4\",\"resolution\":\"C:\\\\Users\\\\jyots\\\\OneDrive\\\\Desktop\\\\Capstone\\\\amazon-clone\\\\functions\\\\node_modules\\\\firebase-functions\\\\lib\\\\index.js\"}"}}
[debug] [2021-08-18T14:25:13.568Z] [runtime-status] [23744] Outgoing network have been stubbed. [{"name":"http","status":"mocked"},{"name":"http","status":"mocked"},{"name":"https","status":"mocked"},{"name":"https","status":"mocked"},{"name":"net","status":"mocked"}] {"metadata":{"emulator":{"name":"functions"},"message":"[runtime-status] [23744] Outgoing network have been stubbed. [{\"name\":\"http\",\"status\":\"mocked\"},{\"name\":\"http\",\"status\":\"mocked\"},{\"name\":\"https\",\"status\":\"mocked\"},{\"name\":\"https\",\"status\":\"mocked\"},{\"name\":\"net\",\"status\":\"mocked\"}]"}}
[debug] [2021-08-18T14:25:13.569Z] [runtime-status] [23744] Resolved module firebase-functions {"declared":true,"installed":true,"version":"3.15.4","resolution":"C:\\Users\\jyots\\OneDrive\\Desktop\\Capstone\\amazon-clone\\functions\\node_modules\\firebase-functions\\lib\\index.js"} {"metadata":{"emulator":{"name":"functions"},"message":"[runtime-status] [23744] Resolved module firebase-functions {\"declared\":true,\"installed\":true,\"version\":\"3.15.4\",\"resolution\":\"C:\\\\Users\\\\jyots\\\\OneDrive\\\\Desktop\\\\Capstone\\\\amazon-clone\\\\functions\\\\node_modules\\\\firebase-functions\\\\lib\\\\index.js\"}"}}
[debug] [2021-08-18T14:25:13.634Z] [runtime-status] [23744] Checked functions.config() {"config":{}} {"metadata":{"emulator":{"name":"functions"},"message":"[runtime-status] [23744] Checked functions.config() {\"config\":{}}"}}
[debug] [2021-08-18T14:25:13.634Z] [runtime-status] [23744] firebase-functions has been stubbed. {"functionsResolution":{"declared":true,"installed":true,"version":"3.15.4","resolution":"C:\\Users\\jyots\\OneDrive\\Desktop\\Capstone\\amazon-clone\\functions\\node_modules\\firebase-functions\\lib\\index.js"}} {"metadata":{"emulator":{"name":"functions"},"message":"[runtime-status] [23744] firebase-functions has been stubbed. {\"functionsResolution\":{\"declared\":true,\"installed\":true,\"version\":\"3.15.4\",\"resolution\":\"C:\\\\Users\\\\jyots\\\\OneDrive\\\\Desktop\\\\Capstone\\\\amazon-clone\\\\functions\\\\node_modules\\\\firebase-functions\\\\lib\\\\index.js\"}}"}}
[debug] [2021-08-18T14:25:13.635Z] [runtime-status] [23744] Resolved module firebase-functions {"declared":true,"installed":true,"version":"3.15.4","resolution":"C:\\Users\\jyots\\OneDrive\\Desktop\\Capstone\\amazon-clone\\functions\\node_modules\\firebase-functions\\lib\\index.js"} {"metadata":{"emulator":{"name":"functions"},"message":"[runtime-status] [23744] Resolved module firebase-functions {\"declared\":true,\"installed\":true,\"version\":\"3.15.4\",\"resolution\":\"C:\\\\Users\\\\jyots\\\\OneDrive\\\\Desktop\\\\Capstone\\\\amazon-clone\\\\functions\\\\node_modules\\\\firebase-functions\\\\lib\\\\index.js\"}"}}
[debug] [2021-08-18T14:25:13.637Z] [runtime-status] [23744] Resolved module firebase-admin {"declared":true,"installed":true,"version":"9.11.0","resolution":"C:\\Users\\jyots\\OneDrive\\Desktop\\Capstone\\amazon-clone\\functions\\node_modules\\firebase-admin\\lib\\index.js"} {"metadata":{"emulator":{"name":"functions"},"message":"[runtime-status] [23744] Resolved module firebase-admin {\"declared\":true,\"installed\":true,\"version\":\"9.11.0\",\"resolution\":\"C:\\\\Users\\\\jyots\\\\OneDrive\\\\Desktop\\\\Capstone\\\\amazon-clone\\\\functions\\\\node_modules\\\\firebase-admin\\\\lib\\\\index.js\"}"}}
[debug] [2021-08-18T14:25:13.638Z] [runtime-status] [23744] Resolved module firebase-functions {"declared":true,"installed":true,"version":"3.15.4","resolution":"C:\\Users\\jyots\\OneDrive\\Desktop\\Capstone\\amazon-clone\\functions\\node_modules\\firebase-functions\\lib\\index.js"} {"metadata":{"emulator":{"name":"functions"},"message":"[runtime-status] [23744] Resolved module firebase-functions {\"declared\":true,\"installed\":true,\"version\":\"3.15.4\",\"resolution\":\"C:\\\\Users\\\\jyots\\\\OneDrive\\\\Desktop\\\\Capstone\\\\amazon-clone\\\\functions\\\\node_modules\\\\firebase-functions\\\\lib\\\\index.js\"}"}}
[debug] [2021-08-18T14:25:13.639Z] [runtime-status] [23744] firebase-admin has been stubbed. {"adminResolution":{"declared":true,"installed":true,"version":"9.11.0","resolution":"C:\\Users\\jyots\\OneDrive\\Desktop\\Capstone\\amazon-clone\\functions\\node_modules\\firebase-admin\\lib\\index.js"}} {"metadata":{"emulator":{"name":"functions"},"message":"[runtime-status] [23744] firebase-admin has been stubbed. {\"adminResolution\":{\"declared\":true,\"installed\":true,\"version\":\"9.11.0\",\"resolution\":\"C:\\\\Users\\\\jyots\\\\OneDrive\\\\Desktop\\\\Capstone\\\\amazon-clone\\\\functions\\\\node_modules\\\\firebase-admin\\\\lib\\\\index.js\"}}"}}
[debug] [2021-08-18T14:25:13.826Z] [worker-~diagnostic~-b9789872-8a59-435e-814f-5a81706addba]: IDLE {"metadata":{"emulator":{"name":"functions"},"message":"[worker-~diagnostic~-b9789872-8a59-435e-814f-5a81706addba]: IDLE"}}
[debug] [2021-08-18T14:29:26.296Z] File C:\Users\jyots\OneDrive\Desktop\Capstone\amazon-clone\functions\index.js changed, reloading triggers {"metadata":{"emulator":{"name":"functions"},"message":"File C:\\Users\\jyots\\OneDrive\\Desktop\\Capstone\\amazon-clone\\functions\\index.js changed, reloading triggers"}}
[debug] [2021-08-18T14:29:27.306Z] [worker-pool] Shutting down IDLE worker (~diagnostic~) {"metadata":{"emulator":{"name":"functions"},"message":"[worker-pool] Shutting down IDLE worker (~diagnostic~)"}}
[debug] [2021-08-18T14:29:27.306Z] [worker-~diagnostic~-b9789872-8a59-435e-814f-5a81706addba]: FINISHING {"metadata":{"emulator":{"name":"functions"},"message":"[worker-~diagnostic~-b9789872-8a59-435e-814f-5a81706addba]: FINISHING"}}
[debug] [2021-08-18T14:29:27.306Z] [worker-pool] Cleaned up workers for ~diagnostic~: 2 --> 1 {"metadata":{"emulator":{"name":"functions"},"message":"[worker-pool] Cleaned up workers for ~diagnostic~: 2 --> 1"}}
[debug] [2021-08-18T14:29:27.306Z] [worker-pool] Cleaned up workers for us-central1-api: 1 --> 0 {"metadata":{"emulator":{"name":"functions"},"message":"[worker-pool] Cleaned up workers for us-central1-api: 1 --> 0"}}
[debug] [2021-08-18T14:29:27.311Z] [worker-pool] addWorker(~diagnostic~) {"metadata":{"emulator":{"name":"functions"},"message":"[worker-pool] addWorker(~diagnostic~)"}}
[debug] [2021-08-18T14:29:27.311Z] [worker-pool] Adding worker with key ~diagnostic~, total=2 {"metadata":{"emulator":{"name":"functions"},"message":"[worker-pool] Adding worker with key ~diagnostic~, total=2"}}
[debug] [2021-08-18T14:29:27.312Z] [worker-pool] submitWork(triggerId=) {"metadata":{"emulator":{"name":"functions"},"message":"[worker-pool] submitWork(triggerId=)"}}
[debug] [2021-08-18T14:29:27.312Z] [worker-~diagnostic~-7ff637db-7c7b-473a-8c7c-4021cbcb0aa7]: Assigning socketPath: \\?\pipe\C:\Users\jyots\OneDrive\Desktop\Capstone\amazon-clone\functions\4152 {"metadata":{"emulator":{"name":"functions"},"message":"[worker-~diagnostic~-7ff637db-7c7b-473a-8c7c-4021cbcb0aa7]: Assigning socketPath: \\\\?\\pipe\\C:\\Users\\jyots\\OneDrive\\Desktop\\Capstone\\amazon-clone\\functions\\4152"}}
[debug] [2021-08-18T14:29:27.312Z] [worker-~diagnostic~-7ff637db-7c7b-473a-8c7c-4021cbcb0aa7]: BUSY {"metadata":{"emulator":{"name":"functions"},"message":"[worker-~diagnostic~-7ff637db-7c7b-473a-8c7c-4021cbcb0aa7]: BUSY"}}
[debug] [2021-08-18T14:29:27.318Z] [worker-~diagnostic~-b9789872-8a59-435e-814f-5a81706addba]: exited {"metadata":{"emulator":{"name":"functions"},"message":"[worker-~diagnostic~-b9789872-8a59-435e-814f-5a81706addba]: exited"}}
[debug] [2021-08-18T14:29:27.318Z] [worker-~diagnostic~-b9789872-8a59-435e-814f-5a81706addba]: FINISHED {"metadata":{"emulator":{"name":"functions"},"message":"[worker-~diagnostic~-b9789872-8a59-435e-814f-5a81706addba]: FINISHED"}}
[debug] [2021-08-18T14:29:27.723Z] [runtime-status] [4152] Functions runtime initialized. {"cwd":"C:\\Users\\jyots\\OneDrive\\Desktop\\Capstone\\amazon-clone\\functions","node_version":"15.11.0"} {"metadata":{"emulator":{"name":"functions"},"message":"[runtime-status] [4152] Functions runtime initialized. {\"cwd\":\"C:\\\\Users\\\\jyots\\\\OneDrive\\\\Desktop\\\\Capstone\\\\amazon-clone\\\\functions\",\"node_version\":\"15.11.0\"}"}}
[debug] [2021-08-18T14:29:27.724Z] [runtime-status] [4152] Disabled runtime features: undefined {"metadata":{"emulator":{"name":"functions"},"message":"[runtime-status] [4152] Disabled runtime features: undefined"}}
[debug] [2021-08-18T14:29:27.727Z] [runtime-status] [4152] Resolved module firebase-admin {"declared":true,"installed":true,"version":"9.11.0","resolution":"C:\\Users\\jyots\\OneDrive\\Desktop\\Capstone\\amazon-clone\\functions\\node_modules\\firebase-admin\\lib\\index.js"} {"metadata":{"emulator":{"name":"functions"},"message":"[runtime-status] [4152] Resolved module firebase-admin {\"declared\":true,\"installed\":true,\"version\":\"9.11.0\",\"resolution\":\"C:\\\\Users\\\\jyots\\\\OneDrive\\\\Desktop\\\\Capstone\\\\amazon-clone\\\\functions\\\\node_modules\\\\firebase-admin\\\\lib\\\\index.js\"}"}}
[debug] [2021-08-18T14:29:27.730Z] [runtime-status] [4152] Resolved module firebase-functions {"declared":true,"installed":true,"version":"3.15.4","resolution":"C:\\Users\\jyots\\OneDrive\\Desktop\\Capstone\\amazon-clone\\functions\\node_modules\\firebase-functions\\lib\\index.js"} {"metadata":{"emulator":{"name":"functions"},"message":"[runtime-status] [4152] Resolved module firebase-functions {\"declared\":true,\"installed\":true,\"version\":\"3.15.4\",\"resolution\":\"C:\\\\Users\\\\jyots\\\\OneDrive\\\\Desktop\\\\Capstone\\\\amazon-clone\\\\functions\\\\node_modules\\\\firebase-functions\\\\lib\\\\index.js\"}"}}
[debug] [2021-08-18T14:29:27.732Z] [runtime-status] [4152] Resolved module firebase-functions {"declared":true,"installed":true,"version":"3.15.4","resolution":"C:\\Users\\jyots\\OneDrive\\Desktop\\Capstone\\amazon-clone\\functions\\node_modules\\firebase-functions\\lib\\index.js"} {"metadata":{"emulator":{"name":"functions"},"message":"[runtime-status] [4152] Resolved module firebase-functions {\"declared\":true,\"installed\":true,\"version\":\"3.15.4\",\"resolution\":\"C:\\\\Users\\\\jyots\\\\OneDrive\\\\Desktop\\\\Capstone\\\\amazon-clone\\\\functions\\\\node_modules\\\\firebase-functions\\\\lib\\\\index.js\"}"}}
[debug] [2021-08-18T14:29:27.734Z] [runtime-status] [4152] Outgoing network have been stubbed. [{"name":"http","status":"mocked"},{"name":"http","status":"mocked"},{"name":"https","status":"mocked"},{"name":"https","status":"mocked"},{"name":"net","status":"mocked"}] {"metadata":{"emulator":{"name":"functions"},"message":"[runtime-status] [4152] Outgoing network have been stubbed. [{\"name\":\"http\",\"status\":\"mocked\"},{\"name\":\"http\",\"status\":\"mocked\"},{\"name\":\"https\",\"status\":\"mocked\"},{\"name\":\"https\",\"status\":\"mocked\"},{\"name\":\"net\",\"status\":\"mocked\"}]"}}
[debug] [2021-08-18T14:29:27.736Z] [runtime-status] [4152] Resolved module firebase-functions {"declared":true,"installed":true,"version":"3.15.4","resolution":"C:\\Users\\jyots\\OneDrive\\Desktop\\Capstone\\amazon-clone\\functions\\node_modules\\firebase-functions\\lib\\index.js"} {"metadata":{"emulator":{"name":"functions"},"message":"[runtime-status] [4152] Resolved module firebase-functions {\"declared\":true,\"installed\":true,\"version\":\"3.15.4\",\"resolution\":\"C:\\\\Users\\\\jyots\\\\OneDrive\\\\Desktop\\\\Capstone\\\\amazon-clone\\\\functions\\\\node_modules\\\\firebase-functions\\\\lib\\\\index.js\"}"}}
[debug] [2021-08-18T14:29:27.809Z] [runtime-status] [4152] Checked functions.config() {"config":{}} {"metadata":{"emulator":{"name":"functions"},"message":"[runtime-status] [4152] Checked functions.config() {\"config\":{}}"}}
[debug] [2021-08-18T14:29:27.809Z] [runtime-status] [4152] firebase-functions has been stubbed. {"functionsResolution":{"declared":true,"installed":true,"version":"3.15.4","resolution":"C:\\Users\\jyots\\OneDrive\\Desktop\\Capstone\\amazon-clone\\functions\\node_modules\\firebase-functions\\lib\\index.js"}} {"metadata":{"emulator":{"name":"functions"},"message":"[runtime-status] [4152] firebase-functions has been stubbed. {\"functionsResolution\":{\"declared\":true,\"installed\":true,\"version\":\"3.15.4\",\"resolution\":\"C:\\\\Users\\\\jyots\\\\OneDrive\\\\Desktop\\\\Capstone\\\\amazon-clone\\\\functions\\\\node_modules\\\\firebase-functions\\\\lib\\\\index.js\"}}"}}
[debug] [2021-08-18T14:29:27.809Z] [runtime-status] [4152] Resolved module firebase-functions {"declared":true,"installed":true,"version":"3.15.4","resolution":"C:\\Users\\jyots\\OneDrive\\Desktop\\Capstone\\amazon-clone\\functions\\node_modules\\firebase-functions\\lib\\index.js"} {"metadata":{"emulator":{"name":"functions"},"message":"[runtime-status] [4152] Resolved module firebase-functions {\"declared\":true,\"installed\":true,\"version\":\"3.15.4\",\"resolution\":\"C:\\\\Users\\\\jyots\\\\OneDrive\\\\Desktop\\\\Capstone\\\\amazon-clone\\\\functions\\\\node_modules\\\\firebase-functions\\\\lib\\\\index.js\"}"}}
[debug] [2021-08-18T14:29:27.816Z] [runtime-status] [4152] Resolved module firebase-admin {"declared":true,"installed":true,"version":"9.11.0","resolution":"C:\\Users\\jyots\\OneDrive\\Desktop\\Capstone\\amazon-clone\\functions\\node_modules\\firebase-admin\\lib\\index.js"} {"metadata":{"emulator":{"name":"functions"},"message":"[runtime-status] [4152] Resolved module firebase-admin {\"declared\":true,\"installed\":true,\"version\":\"9.11.0\",\"resolution\":\"C:\\\\Users\\\\jyots\\\\OneDrive\\\\Desktop\\\\Capstone\\\\amazon-clone\\\\functions\\\\node_modules\\\\firebase-admin\\\\lib\\\\index.js\"}"}}
[debug] [2021-08-18T14:29:27.817Z] [runtime-status] [4152] Resolved module firebase-functions {"declared":true,"installed":true,"version":"3.15.4","resolution":"C:\\Users\\jyots\\OneDrive\\Desktop\\Capstone\\amazon-clone\\functions\\node_modules\\firebase-functions\\lib\\index.js"} {"metadata":{"emulator":{"name":"functions"},"message":"[runtime-status] [4152] Resolved module firebase-functions {\"declared\":true,\"installed\":true,\"version\":\"3.15.4\",\"resolution\":\"C:\\\\Users\\\\jyots\\\\OneDrive\\\\Desktop\\\\Capstone\\\\amazon-clone\\\\functions\\\\node_modules\\\\firebase-functions\\\\lib\\\\index.js\"}"}}
[debug] [2021-08-18T14:29:27.817Z] [runtime-status] [4152] firebase-admin has been stubbed. {"adminResolution":{"declared":true,"installed":true,"version":"9.11.0","resolution":"C:\\Users\\jyots\\OneDrive\\Desktop\\Capstone\\amazon-clone\\functions\\node_modules\\firebase-admin\\lib\\index.js"}} {"metadata":{"emulator":{"name":"functions"},"message":"[runtime-status] [4152] firebase-admin has been stubbed. {\"adminResolution\":{\"declared\":true,\"installed\":true,\"version\":\"9.11.0\",\"resolution\":\"C:\\\\Users\\\\jyots\\\\OneDrive\\\\Desktop\\\\Capstone\\\\amazon-clone\\\\functions\\\\node_modules\\\\firebase-admin\\\\lib\\\\index.js\"}}"}}
[debug] [2021-08-18T14:29:28.041Z] [worker-~diagnostic~-7ff637db-7c7b-473a-8c7c-4021cbcb0aa7]: IDLE {"metadata":{"emulator":{"name":"functions"},"message":"[worker-~diagnostic~-7ff637db-7c7b-473a-8c7c-4021cbcb0aa7]: IDLE"}}
[debug] [2021-08-18T14:29:45.937Z] File C:\Users\jyots\OneDrive\Desktop\Capstone\amazon-clone\functions\index.js changed, reloading triggers {"metadata":{"emulator":{"name":"functions"},"message":"File C:\\Users\\jyots\\OneDrive\\Desktop\\Capstone\\amazon-clone\\functions\\index.js changed, reloading triggers"}}
